23/03/2023:11:47:49 992 [Calculator.java] [INFO] Calculator [FACTORIAL] - 2
23/03/2023:11:47:50 003 [Calculator.java] [INFO] Calculator [RESULT - FACTORIAL] - 2
23/03/2023:11:47:50 004 [Calculator.java] [INFO] Calculator [FACTORIAL] - 0
23/03/2023:11:47:50 004 [Calculator.java] [INFO] Calculator [RESULT - FACTORIAL] - 1
23/03/2023:11:47:50 005 [Calculator.java] [INFO] Calculator [FACTORIAL] - 10
23/03/2023:11:47:50 006 [Calculator.java] [INFO] Calculator [RESULT - FACTORIAL] - 3628800
23/03/2023:11:47:50 010 [Calculator.java] [INFO] Calculator [SQROOT] - 121
23/03/2023:11:47:50 017 [Calculator.java] [INFO] Calculator [RESULT - SQROOT] - 11.0
23/03/2023:11:47:50 017 [Calculator.java] [INFO] Calculator [SQROOT] - 81
23/03/2023:11:47:50 018 [Calculator.java] [INFO] Calculator [RESULT - SQROOT] - 9.0
23/03/2023:11:47:50 018 [Calculator.java] [INFO] Calculator [SQROOT] - 100
23/03/2023:11:47:50 018 [Calculator.java] [INFO] Calculator [RESULT - SQROOT] - 10.0
23/03/2023:11:47:50 019 [Calculator.java] [INFO] Calculator [LOG] - 1
23/03/2023:11:47:50 021 [Calculator.java] [INFO] Calculator [RESULT - LOG] - 0.0
23/03/2023:11:47:50 022 [Calculator.java] [INFO] Calculator [LOG] - 2
23/03/2023:11:47:50 028 [Calculator.java] [INFO] Calculator [RESULT - LOG] - 0.6931471805599453
23/03/2023:11:47:50 031 [Calculator.java] [INFO] Calculator [FACTORIAL] - 4
23/03/2023:11:47:50 032 [Calculator.java] [INFO] Calculator [RESULT - FACTORIAL] - 24
23/03/2023:11:47:50 033 [Calculator.java] [INFO] Calculator [FACTORIAL] - 0
23/03/2023:11:47:50 034 [Calculator.java] [INFO] Calculator [RESULT - FACTORIAL] - 1
23/03/2023:11:47:50 034 [Calculator.java] [INFO] Calculator [FACTORIAL] - 7
23/03/2023:11:47:50 035 [Calculator.java] [INFO] Calculator [RESULT - FACTORIAL] - 5040
23/03/2023:11:47:50 044 [Calculator.java] [INFO] Calculator [POWER] - 2, 5
23/03/2023:11:47:50 045 [Calculator.java] [INFO] Calculator [RESULT - POWER] - 32
23/03/2023:11:47:50 046 [Calculator.java] [INFO] Calculator [POWER] - 8, 4
23/03/2023:11:47:50 047 [Calculator.java] [INFO] Calculator [RESULT - POWER] - 4096
23/03/2023:11:47:50 048 [Calculator.java] [INFO] Calculator [POWER] - 10, 7
23/03/2023:11:47:50 050 [Calculator.java] [INFO] Calculator [RESULT - POWER] - 10000000
23/03/2023:11:47:50 051 [Calculator.java] [INFO] Calculator [POWER] - 4, 3
23/03/2023:11:47:50 052 [Calculator.java] [INFO] Calculator [RESULT - POWER] - 64
23/03/2023:11:47:50 053 [Calculator.java] [INFO] Calculator [POWER] - 5, 4
23/03/2023:11:47:50 053 [Calculator.java] [INFO] Calculator [RESULT - POWER] - 625
23/03/2023:11:47:50 053 [Calculator.java] [INFO] Calculator [POWER] - 7, 2
23/03/2023:11:47:50 054 [Calculator.java] [INFO] Calculator [RESULT - POWER] - 49
23/03/2023:11:47:50 054 [Calculator.java] [INFO] Calculator [SQROOT] - 4
23/03/2023:11:47:50 055 [Calculator.java] [INFO] Calculator [RESULT - SQROOT] - 2.0
23/03/2023:11:47:50 055 [Calculator.java] [INFO] Calculator [SQROOT] - 144
23/03/2023:11:47:50 055 [Calculator.java] [INFO] Calculator [RESULT - SQROOT] - 12.0
23/03/2023:11:47:50 056 [Calculator.java] [INFO] Calculator [SQROOT] - 49
23/03/2023:11:47:50 059 [Calculator.java] [INFO] Calculator [RESULT - SQROOT] - 7.0
